#
# There is insufficient memory for the Java Runtime Environment to continue.
# Native memory allocation (malloc) failed to allocate 1048576 bytes for AllocateHeap
# Possible reasons:
#   The system is out of physical RAM or swap space
#   In 32 bit mode, the process size limit was hit
# Possible solutions:
#   Reduce memory load on the system
#   Increase physical memory or swap space
#   Check if swap backing store is full
#   Use 64 bit Java on a 64 bit OS
#   Decrease Java heap size (-Xmx/-Xms)
#   Decrease number of Java threads
#   Decrease Java thread stack sizes (-Xss)
#   Set larger code cache with -XX:ReservedCodeCacheSize=
# This output file may be truncated or incomplete.
#
#  Out of Memory Error (memory/allocation.inline.hpp:61), pid=1108, tid=4344
#
# JRE version:  (8.0_74-b02) (build )
# Java VM: Java HotSpot(TM) 64-Bit Server VM (25.74-b02 mixed mode windows-amd64 compressed oops)
# Failed to write core dump. Minidumps are not enabled by default on client versions of Windows
#

---------------  T H R E A D  ---------------

Current thread (0x0000000002290800):  JavaThread "Unknown thread" [_thread_in_vm, id=4344, stack(0x0000000002150000,0x0000000002250000)]

Stack: [0x0000000002150000,0x0000000002250000]
[error occurred during error reporting (printing stack bounds), id 0xc0000005]

Native frames: (J=compiled Java code, j=interpreted, Vv=VM code, C=native code)


---------------  P R O C E S S  ---------------

Java Threads: ( => current thread )

Other Threads:

=>0x0000000002290800 (exited) JavaThread "Unknown thread" [_thread_in_vm, id=4344, stack(0x0000000002150000,0x0000000002250000)]

VM state:not at safepoint (normal execution)

VM Mutex/Monitor currently owned by a thread: None

Heap:
 PSYoungGen      total 18944K, used 327K [0x00000000eab00000, 0x00000000ec000000, 0x0000000100000000)
  eden space 16384K, 2% used [0x00000000eab00000,0x00000000eab51ec8,0x00000000ebb00000)
  from space 2560K, 0% used [0x00000000ebd80000,0x00000000ebd80000,0x00000000ec000000)
  to   space 2560K, 0% used [0x00000000ebb00000,0x00000000ebb00000,0x00000000ebd80000)
 ParOldGen       total 44032K, used 0K [0x00000000c0000000, 0x00000000c2b00000, 0x00000000eab00000)
  object space 44032K, 0% used [0x00000000c0000000,0x00000000c0000000,0x00000000c2b00000)
 Metaspace       used 769K, capacity 4480K, committed 4480K, reserved 1056768K
  class space    used 75K, capacity 384K, committed 384K, reserved 1048576K

Card table byte_map: [0x0000000002750000,0x0000000002960000] byte_map_base: 0x0000000002150000

Marking Bits: (ParMarkBitMap*) 0x000000006be20600
 Begin Bits: [0x0000000002ec0000, 0x0000000003ec0000)
 End Bits:   [0x0000000003ec0000, 0x0000000004ec0000)

Polling page: 0x0000000000950000

CodeCache: size=245760Kb used=328Kb max_used=328Kb free=245431Kb
 bounds [0x000000000f010000, 0x000000000f280000, 0x000000001e010000]
 total_blobs=58 nmethods=0 adapters=38
 compilation: enabled

Compilation events (0 events):
No events

GC Heap History (0 events):
No events

Deoptimization events (0 events):
No events

Internal exceptions (0 events):
No events

Events (10 events):
Event: 0.307 loading class java/lang/Short
Event: 0.308 loading class java/lang/Short done
Event: 0.308 loading class java/lang/Integer
Event: 0.308 loading class java/lang/Integer done
Event: 0.308 loading class java/lang/Long
Event: 0.309 loading class java/lang/Long done
Event: 0.313 loading class java/lang/NullPointerException
Event: 0.313 loading class java/lang/NullPointerException done
Event: 0.313 loading class java/lang/ArithmeticException
Event: 0.313 loading class java/lang/ArithmeticException done


Dynamic libraries:
0x00007ff680ec0000 - 0x00007ff680ef7000 	C:\Program Files\Java\jdk1.8.0_74\bin\java.exe
0x00007ffc5cbe0000 - 0x00007ffc5cd8d000 	C:\Windows\SYSTEM32\ntdll.dll
0x00007ffc5bf40000 - 0x00007ffc5c07e000 	C:\Windows\system32\KERNEL32.DLL
0x00007ffc5a0e0000 - 0x00007ffc5a1f5000 	C:\Windows\system32\KERNELBASE.dll
0x00007ffc58870000 - 0x00007ffc588fe000 	C:\Windows\system32\apphelp.dll
0x00007ffc4c790000 - 0x00007ffc4c7e3000 	C:\Windows\AppPatch\AppPatch64\AcGenral.DLL
0x00007ffc5c290000 - 0x00007ffc5c33a000 	C:\Windows\system32\msvcrt.dll
0x00007ffc59b10000 - 0x00007ffc59b3e000 	C:\Windows\SYSTEM32\SspiCli.dll
0x00007ffc5cb80000 - 0x00007ffc5cbd4000 	C:\Windows\system32\SHLWAPI.dll
0x00007ffc5c8e0000 - 0x00007ffc5ca57000 	C:\Windows\system32\USER32.dll
0x00007ffc5c340000 - 0x00007ffc5c4d4000 	C:\Windows\system32\ole32.dll
0x00007ffc5a8f0000 - 0x00007ffc5be1a000 	C:\Windows\system32\SHELL32.dll
0x00007ffc59280000 - 0x00007ffc592a1000 	C:\Windows\SYSTEM32\USERENV.dll
0x00007ffc5c820000 - 0x00007ffc5c8ca000 	C:\Windows\system32\ADVAPI32.dll
0x00007ffc4dd30000 - 0x00007ffc4dd4e000 	C:\Windows\SYSTEM32\MPR.dll
0x00007ffc5a670000 - 0x00007ffc5a7b1000 	C:\Windows\system32\RPCRT4.dll
0x00007ffc5be20000 - 0x00007ffc5be79000 	C:\Windows\SYSTEM32\sechost.dll
0x00007ffc5a450000 - 0x00007ffc5a661000 	C:\Windows\SYSTEM32\combase.dll
0x00007ffc5a300000 - 0x00007ffc5a450000 	C:\Windows\system32\GDI32.dll
0x00007ffc59d30000 - 0x00007ffc59d45000 	C:\Windows\SYSTEM32\profapi.dll
0x00007ffc587b0000 - 0x00007ffc58862000 	C:\Windows\SYSTEM32\SHCORE.dll
0x00007ffc5c080000 - 0x00007ffc5c0b6000 	C:\Windows\system32\IMM32.DLL
0x00007ffc5c4e0000 - 0x00007ffc5c632000 	C:\Windows\system32\MSCTF.dll
0x00007ffc59ce0000 - 0x00007ffc59d11000 	C:\Windows\system32\nvinitx.dll
0x00007ffc59cd0000 - 0x00007ffc59cda000 	C:\Windows\SYSTEM32\VERSION.dll
0x000000000f000000 - 0x000000000f006000 	C:\Program Files\NVIDIA Corporation\CoProcManager\_etoured.dll
0x00007ffc58130000 - 0x00007ffc58161000 	C:\Program Files\NVIDIA Corporation\CoProcManager\nvd3d9wrapx.dll
0x00007ffc5c640000 - 0x00007ffc5c81a000 	C:\Windows\system32\SETUPAPI.dll
0x00007ffc59e00000 - 0x00007ffc59e4f000 	C:\Windows\system32\CFGMGR32.dll
0x00007ffc58030000 - 0x00007ffc58052000 	C:\Program Files\NVIDIA Corporation\CoProcManager\nvdxgiwrapx.dll
0x00007ffc57980000 - 0x00007ffc57bfb000 	C:\Windows\WinSxS\amd64_microsoft.windows.common-controls_6595b64144ccf1df_6.0.9600.18006_none_623f33d3ecbe86e8\COMCTL32.dll
0x000000006b1b0000 - 0x000000006b282000 	C:\Program Files\Java\jdk1.8.0_74\jre\bin\msvcr100.dll
0x000000006b610000 - 0x000000006bea0000 	C:\Program Files\Java\jdk1.8.0_74\jre\bin\server\jvm.dll
0x00007ffc44250000 - 0x00007ffc44259000 	C:\Windows\SYSTEM32\WSOCK32.dll
0x00007ffc57c00000 - 0x00007ffc57c22000 	C:\Windows\SYSTEM32\WINMM.dll
0x00007ffc5c280000 - 0x00007ffc5c287000 	C:\Windows\system32\PSAPI.DLL
0x00007ffc5a7c0000 - 0x00007ffc5a81a000 	C:\Windows\system32\WS2_32.dll
0x00007ffc57940000 - 0x00007ffc5796a000 	C:\Windows\SYSTEM32\WINMMBASE.dll
0x00007ffc5c8d0000 - 0x00007ffc5c8d9000 	C:\Windows\system32\NSI.dll
0x00007ffc58ae0000 - 0x00007ffc58b08000 	C:\Windows\SYSTEM32\DEVOBJ.dll
0x000000006c0d0000 - 0x000000006c0df000 	C:\Program Files\Java\jdk1.8.0_74\jre\bin\verify.dll
0x000000006b5e0000 - 0x000000006b609000 	C:\Program Files\Java\jdk1.8.0_74\jre\bin\java.dll
0x000000006b5c0000 - 0x000000006b5d6000 	C:\Program Files\Java\jdk1.8.0_74\jre\bin\zip.dll

VM Arguments:
jvm_args: -Djava.awt.headless=true -Xmx1024M -Dfile.encoding=windows-1251 -Duser.country=RU -Duser.language=ru -Duser.variant 
java_command: com.android.dx.command.Main --dex --num-threads=4 --output C:\Users\Dima\AndroidStudioProjects\MyApplication\app\build\intermediates\pre-dexed\debug\com.android.support-support-vector-drawable-23.2.1_4a5da4b562e17e86a28d8cc360aefd9e932dcea0.jar C:\Users\Dima\AndroidStudioProjects\MyApplication\app\build\intermediates\exploded-aar\com.android.support\support-vector-drawable\23.2.1\jars\classes.jar
java_class_path (initial): C:\Users\Dima\AppData\Local\Android\sdk\build-tools\23.0.3\lib\dx.jar
Launcher Type: SUN_STANDARD

Environment Variables:
PATH=C:\ProgramData\Oracle\Java\javapath;C:\Windows\system32;C:\Windows;C:\Windows\System32\Wbem;C:\Windows\System32\WindowsPowerShell\v1.0\;C:\Program Files (x86)\NVIDIA Corporation\PhysX\Common
USERNAME=Dima
OS=Windows_NT
PROCESSOR_IDENTIFIER=Intel64 Family 6 Model 42 Stepping 7, GenuineIntel



---------------  S Y S T E M  ---------------

OS: Windows 8.1 , 64 bit Build 9600 (6.3.9600.17415)

CPU:total 4 (2 cores per cpu, 2 threads per core) family 6 model 42 stepping 7, cmov, cx8, fxsr, mmx, sse, sse2, sse3, ssse3, sse4.1, sse4.2, popcnt, avx, clmul, ht, tsc, tscinvbit

Memory: 4k page, physical 4075060k(261040k free), swap 5014196k(3000k free)

vm_info: Java HotSpot(TM) 64-Bit Server VM (25.74-b02) for windows-amd64 JRE (1.8.0_74-b02), built on Jan 29 2016 17:42:36 by "java_re" with MS VC++ 10.0 (VS2010)

time: Sat Mar 26 23:38:31 2016
elapsed time: 2 seconds (0d 0h 0m 2s)

